[2023-05-10 00:00:50] INFO root fetch - main [MainThread]: Get Changelog since Serial: [18037942]
[2023-05-10 00:00:55] INFO root fetch - main [MainThread]: Found 9 changed packages
[2023-05-10 00:00:55] INFO root fetch - processPackages [ThreadPoolExecutor-0_0]: Start processing: base
[2023-05-10 00:00:55] INFO root fetch - processPackages [ThreadPoolExecutor-0_1]: Start processing: rgb-colorizer
[2023-05-10 00:00:55] INFO root fetch - processPackages [ThreadPoolExecutor-0_2]: Start processing: cellmaps-utils
[2023-05-10 00:00:55] INFO root fetch - processPackages [ThreadPoolExecutor-0_3]: Start processing: neon-mana-utils
[2023-05-10 00:00:55] INFO root fetch - processPackages [ThreadPoolExecutor-0_4]: Start processing: kolena-client
[2023-05-10 00:00:55] INFO root fetch - processPackages [ThreadPoolExecutor-0_5]: Start processing: st-bnt-group
[2023-05-10 00:00:55] INFO root fetch - processPackages [ThreadPoolExecutor-0_6]: Start processing: intake-dataframe-catalog
[2023-05-10 00:00:55] INFO root fetch - processPackages [ThreadPoolExecutor-0_7]: Start processing: jaaql-middleware-python
[2023-05-10 00:00:55] INFO root fetch - processPackages [ThreadPoolExecutor-0_8]: Start processing: concordia-harmony
[2023-05-10 00:00:55] WARNING root fetch - processPackages [rgb-colorizer]: Skipping, unable to determine old version
[2023-05-10 00:00:55] INFO root fetch - main [MainThread]: End processing [rgb-colorizer] error
[2023-05-10 00:00:55] INFO root fetch - processPackages [intake-dataframe-catalog]: New version: [0.0.5] Old Version: [0.0.4]
[2023-05-10 00:00:55] INFO root fetch - processPackages [jaaql-middleware-python]: New version: [4.9.1] Old Version: [4.9.0]
[2023-05-10 00:00:55] WARNING root fetch - processPackages [base]: Skipping, unable to determine old version
[2023-05-10 00:00:55] INFO root fetch - main [MainThread]: End processing [base] error
[2023-05-10 00:00:55] INFO root fetch - processPackages [kolena-client]: New version: [0.68.0] Old Version: [0.67.0]
[2023-05-10 00:00:55] INFO root fetch - processPackages [intake-dataframe-catalog]: executing diffoscope
[2023-05-10 00:00:55] INFO root fetch - processPackages [intake-dataframe-catalog]: podman run --user 0:0 --rm -w /home/abi/fetcher -v /home/abi/fetcher/tmp:/home/abi/fetcher/tmp:ro -v /home/abi/fetcher/20230510:/home/abi/fetcher/20230510:rw registry.salsa.debian.org/reproducible-builds/diffoscope --no-progress tmp/intake_dataframe_catalog-0.0.4.tar.gz tmp/intake_dataframe_catalog-0.0.5.tar.gz --markdown 20230510/i/intake-dataframe-catalog/0.0.4-0.0.5/diff.md --exclude *.pyd
[2023-05-10 00:00:55] INFO root fetch - processPackages [jaaql-middleware-python]: executing diffoscope
[2023-05-10 00:00:55] INFO root fetch - processPackages [neon-mana-utils]: New version: [0.0.5a6] Old Version: [0.0.5a5]
[2023-05-10 00:00:55] INFO root fetch - processPackages [jaaql-middleware-python]: podman run --user 0:0 --rm -w /home/abi/fetcher -v /home/abi/fetcher/tmp:/home/abi/fetcher/tmp:ro -v /home/abi/fetcher/20230510:/home/abi/fetcher/20230510:rw registry.salsa.debian.org/reproducible-builds/diffoscope --no-progress tmp/jaaql-middleware-python-4.9.0.tar.gz tmp/jaaql-middleware-python-4.9.1.tar.gz --markdown 20230510/j/jaaql-middleware-python/4.9.0-4.9.1/diff.md --exclude *.pyd
[2023-05-10 00:00:55] INFO root fetch - processPackages [cellmaps-utils]: New version: [0.1.0a4] Old Version: [0.1.0a3]
[2023-05-10 00:00:55] INFO root fetch - processPackages [concordia-harmony]: New version: [1.0.0] Old Version: [0.1.5]
[2023-05-10 00:00:55] INFO root fetch - processPackages [kolena-client]: Downloading https://files.pythonhosted.org/packages/d7/c3/47c38dc451f5f47fe9b216de5d511c1b45eb27e883f507cf89a176ef1353/kolena_client-0.67.0.tar.gz
[2023-05-10 00:00:55] INFO root fetch - processPackages [st-bnt-group]: New version: [0.0.3] Old Version: [0.0.2]
[2023-05-10 00:00:55] INFO root fetch - processPackages [neon-mana-utils]: Downloading https://files.pythonhosted.org/packages/94/a9/b53c84f7284e36f85d4200cbaec793ae39bf4d63810e7db3ef1138ea0656/neon_mana_utils-0.0.5a5-py3-none-any.whl
[2023-05-10 00:00:55] INFO root fetch - processPackages [cellmaps-utils]: Downloading https://files.pythonhosted.org/packages/08/af/9329c8256bf982ad67ecabbde277b479ab13f800aac5c5d5a697d4ce4d79/cellmaps_utils-0.1.0a3.tar.gz
[2023-05-10 00:00:55] INFO root fetch - processPackages [concordia-harmony]: Downloading https://files.pythonhosted.org/packages/00/1b/75413c82aaf956a50fb7d584ac372b626b8a6dbaaad5a217b2bc45c4fbaa/concordia-harmony-1.0.0.tar.gz
[2023-05-10 00:00:55] INFO root fetch - processPackages [kolena-client]: Downloading https://files.pythonhosted.org/packages/a6/a9/3001c8596d87519634dd8a8ae1e90db7f216a739d34a229a86c1a4cd5401/kolena_client-0.68.0.tar.gz
[2023-05-10 00:00:55] INFO root fetch - processPackages [neon-mana-utils]: Downloading https://files.pythonhosted.org/packages/53/3d/afab1a22864ebe8e30b6d54da2d6453bb0704731c794c3076a896eeeee44/neon_mana_utils-0.0.5a6-py3-none-any.whl
[2023-05-10 00:00:55] INFO root fetch - processPackages [cellmaps-utils]: Downloading https://files.pythonhosted.org/packages/b8/99/56650982e5bc22783962786a08697bfa7f15f7ea154facb47acb711ff3a4/cellmaps_utils-0.1.0a4.tar.gz
[2023-05-10 00:00:55] INFO root fetch - processPackages [concordia-harmony]: executing diffoscope
[2023-05-10 00:00:55] INFO root fetch - processPackages [concordia-harmony]: podman run --user 0:0 --rm -w /home/abi/fetcher -v /home/abi/fetcher/tmp:/home/abi/fetcher/tmp:ro -v /home/abi/fetcher/20230510:/home/abi/fetcher/20230510:rw registry.salsa.debian.org/reproducible-builds/diffoscope --no-progress tmp/concordia-harmony-0.1.5.tar.gz tmp/concordia-harmony-1.0.0.tar.gz --markdown 20230510/c/concordia-harmony/0.1.5-1.0.0/diff.md --exclude *.pyd
[2023-05-10 00:00:55] INFO root fetch - processPackages [st-bnt-group]: Downloading https://files.pythonhosted.org/packages/9d/53/91a21017f55322509ad088f36290a00aa0066ce8a98047521c8de0099327/st_bnt_group-0.0.3-py3-none-any.whl
[2023-05-10 00:00:56] INFO root fetch - processPackages [kolena-client]: executing diffoscope
[2023-05-10 00:00:56] INFO root fetch - processPackages [kolena-client]: podman run --user 0:0 --rm -w /home/abi/fetcher -v /home/abi/fetcher/tmp:/home/abi/fetcher/tmp:ro -v /home/abi/fetcher/20230510:/home/abi/fetcher/20230510:rw registry.salsa.debian.org/reproducible-builds/diffoscope --no-progress tmp/kolena_client-0.67.0.tar.gz tmp/kolena_client-0.68.0.tar.gz --markdown 20230510/k/kolena-client/0.67.0-0.68.0/diff.md --exclude *.pyd
[2023-05-10 00:00:56] INFO root fetch - processPackages [neon-mana-utils]: executing diffoscope
[2023-05-10 00:00:56] INFO root fetch - processPackages [neon-mana-utils]: podman run --user 0:0 --rm -w /home/abi/fetcher -v /home/abi/fetcher/tmp:/home/abi/fetcher/tmp:ro -v /home/abi/fetcher/20230510:/home/abi/fetcher/20230510:rw registry.salsa.debian.org/reproducible-builds/diffoscope --no-progress tmp/neon_mana_utils-0.0.5a5-py3-none-any.whl.zip tmp/neon_mana_utils-0.0.5a6-py3-none-any.whl.zip --markdown 20230510/n/neon-mana-utils/0.0.5a5-0.0.5a6/diff.md --exclude *.pyd
[2023-05-10 00:00:56] INFO root fetch - processPackages [cellmaps-utils]: executing diffoscope
[2023-05-10 00:00:56] INFO root fetch - processPackages [cellmaps-utils]: podman run --user 0:0 --rm -w /home/abi/fetcher -v /home/abi/fetcher/tmp:/home/abi/fetcher/tmp:ro -v /home/abi/fetcher/20230510:/home/abi/fetcher/20230510:rw registry.salsa.debian.org/reproducible-builds/diffoscope --no-progress tmp/cellmaps_utils-0.1.0a3.tar.gz tmp/cellmaps_utils-0.1.0a4.tar.gz --markdown 20230510/c/cellmaps-utils/0.1.0a3-0.1.0a4/diff.md --exclude *.pyd
[2023-05-10 00:00:56] INFO root fetch - processPackages [st-bnt-group]: executing diffoscope
[2023-05-10 00:00:56] INFO root fetch - processPackages [st-bnt-group]: podman run --user 0:0 --rm -w /home/abi/fetcher -v /home/abi/fetcher/tmp:/home/abi/fetcher/tmp:ro -v /home/abi/fetcher/20230510:/home/abi/fetcher/20230510:rw registry.salsa.debian.org/reproducible-builds/diffoscope --no-progress tmp/st_bnt_group-0.0.2-py3-none-any.whl.zip tmp/st_bnt_group-0.0.3-py3-none-any.whl.zip --markdown 20230510/s/st-bnt-group/0.0.2-0.0.3/diff.md --exclude *.pyd
[2023-05-10 00:00:57] INFO root fetch - main [MainThread]: End processing [intake-dataframe-catalog]: success
[2023-05-10 00:00:57] INFO root fetch - main [MainThread]: End processing [concordia-harmony]: success
[2023-05-10 00:00:57] INFO root fetch - main [MainThread]: End processing [jaaql-middleware-python]: success
[2023-05-10 00:00:57] INFO root fetch - main [MainThread]: End processing [neon-mana-utils]: success
[2023-05-10 00:00:57] INFO root fetch - main [MainThread]: End processing [kolena-client]: success
[2023-05-10 00:00:58] INFO root fetch - main [MainThread]: End processing [st-bnt-group]: success
[2023-05-10 00:00:58] INFO root fetch - main [MainThread]: End processing [cellmaps-utils]: success
[2023-05-10 00:00:58] INFO root fetch - main [MainThread]: Store serial: [18037972]
[2023-05-10 00:06:01] INFO root fetch - main [MainThread]: Get Changelog since Serial: [18037972]
[2023-05-10 00:06:06] INFO root fetch - main [MainThread]: Found 11 changed packages
[2023-05-10 00:06:06] INFO root fetch - processPackages [ThreadPoolExecutor-0_0]: Start processing: GnuChanGUI
[2023-05-10 00:06:06] INFO root fetch - processPackages [ThreadPoolExecutor-0_1]: Start processing: ezneural
[2023-05-10 00:06:06] INFO root fetch - processPackages [ThreadPoolExecutor-0_2]: Start processing: spotON_sdk
[2023-05-10 00:06:06] INFO root fetch - processPackages [ThreadPoolExecutor-0_3]: Start processing: nomnomdata-engine
[2023-05-10 00:06:06] INFO root fetch - processPackages [ThreadPoolExecutor-0_4]: Start processing: lion-pytorch
[2023-05-10 00:06:06] INFO root fetch - processPackages [ThreadPoolExecutor-0_5]: Start processing: dkist-processing-common
[2023-05-10 00:06:06] INFO root fetch - processPackages [ThreadPoolExecutor-0_6]: Start processing: gandai
[2023-05-10 00:06:06] INFO root fetch - processPackages [ThreadPoolExecutor-0_7]: Start processing: pandera
[2023-05-10 00:06:06] INFO root fetch - processPackages [ThreadPoolExecutor-0_8]: Start processing: rgb-colorizer
[2023-05-10 00:06:06] INFO root fetch - processPackages [ThreadPoolExecutor-0_9]: Start processing: seeq-correlation
[2023-05-10 00:06:06] INFO root fetch - processPackages [lion-pytorch]: New version: [0.0.8] Old Version: [0.0.7]
[2023-05-10 00:06:06] INFO root fetch - processPackages [ezneural]: New version: [0.1] Old Version: [0.0]
[2023-05-10 00:06:06] INFO root fetch - processPackages [rgb-colorizer]: New version: [0.0.3] Old Version: [0.0.2]
[2023-05-10 00:06:06] INFO root fetch - processPackages [spotON_sdk]: New version: [0.0.3.3] Old Version: [0.0.3.2]
[2023-05-10 00:06:06] INFO root fetch - processPackages [pandera]: New version: [0.9.0] Old Version: [0.8.1]
[2023-05-10 00:06:06] INFO root fetch - processPackages [dkist-processing-common]: New version: [2.6.1rc2] Old Version: [2.6.1rc1]
[2023-05-10 00:06:06] INFO root fetch - processPackages [nomnomdata-engine]: New version: [1.1.9] Old Version: [1.1.8.post6.dev0]
[2023-05-10 00:06:06] WARNING root fetch - processPackages [GnuChanGUI]: Skipping, unable to determine old version
[2023-05-10 00:06:06] INFO root fetch - processPackages [GnuChanGUI]: Start processing: ia-sdk
[2023-05-10 00:06:06] INFO root fetch - main [MainThread]: End processing [GnuChanGUI] error
[2023-05-10 00:06:06] INFO root fetch - processPackages [lion-pytorch]: executing diffoscope
[2023-05-10 00:06:06] INFO root fetch - processPackages [lion-pytorch]: podman run --user 0:0 --rm -w /home/abi/fetcher -v /home/abi/fetcher/tmp:/home/abi/fetcher/tmp:ro -v /home/abi/fetcher/20230510:/home/abi/fetcher/20230510:rw registry.salsa.debian.org/reproducible-builds/diffoscope --no-progress tmp/lion-pytorch-0.0.7.tar.gz tmp/lion-pytorch-0.0.8.tar.gz --markdown 20230510/l/lion-pytorch/0.0.7-0.0.8/diff.md --exclude *.pyd
[2023-05-10 00:06:06] INFO root fetch - processPackages [gandai]: New version: [0.1.1] Old Version: [0.1]
[2023-05-10 00:06:06] INFO root fetch - processPackages [dkist-processing-common]: executing diffoscope
[2023-05-10 00:06:06] INFO root fetch - processPackages [dkist-processing-common]: podman run --user 0:0 --rm -w /home/abi/fetcher -v /home/abi/fetcher/tmp:/home/abi/fetcher/tmp:ro -v /home/abi/fetcher/20230510:/home/abi/fetcher/20230510:rw registry.salsa.debian.org/reproducible-builds/diffoscope --no-progress tmp/dkist-processing-common-2.6.1rc1.tar.gz tmp/dkist-processing-common-2.6.1rc2.tar.gz --markdown 20230510/d/dkist-processing-common/2.6.1rc1-2.6.1rc2/diff.md --exclude *.pyd
[2023-05-10 00:06:06] INFO root fetch - processPackages [seeq-correlation]: New version: [0.1.8] Old Version: [0.1.7]
[2023-05-10 00:06:06] INFO root fetch - processPackages [ia-sdk]: New version: [0.3.9] Old Version: [0.3.8]
[2023-05-10 00:06:06] INFO root fetch - processPackages [nomnomdata-engine]: executing diffoscope
[2023-05-10 00:06:06] INFO root fetch - processPackages [nomnomdata-engine]: podman run --user 0:0 --rm -w /home/abi/fetcher -v /home/abi/fetcher/tmp:/home/abi/fetcher/tmp:ro -v /home/abi/fetcher/20230510:/home/abi/fetcher/20230510:rw registry.salsa.debian.org/reproducible-builds/diffoscope --no-progress tmp/nomnomdata-engine-1.1.8.post6.dev0.tar.gz tmp/nomnomdata-engine-1.1.9.tar.gz --markdown 20230510/n/nomnomdata-engine/1.1.8.post6.dev0-1.1.9/diff.md --exclude *.pyd
[2023-05-10 00:06:06] INFO root fetch - processPackages [rgb-colorizer]: Downloading https://files.pythonhosted.org/packages/dc/9c/6443b63d04e550c724d46e2a88a554a823c9ad25e749331b8cb339b40747/rgb-colorizer-0.0.2.tar.gz
[2023-05-10 00:06:06] INFO root fetch - processPackages [ezneural]: Downloading https://files.pythonhosted.org/packages/72/a4/1d7319f99c4cb3732666111ce470e090797de72a9e21c5ff8d7d8dbc6ea0/ezneural-0.0.tar.gz
[2023-05-10 00:06:06] INFO root fetch - processPackages [ia-sdk]: executing diffoscope
[2023-05-10 00:06:06] INFO root fetch - processPackages [ia-sdk]: podman run --user 0:0 --rm -w /home/abi/fetcher -v /home/abi/fetcher/tmp:/home/abi/fetcher/tmp:ro -v /home/abi/fetcher/20230510:/home/abi/fetcher/20230510:rw registry.salsa.debian.org/reproducible-builds/diffoscope --no-progress tmp/ia-sdk-0.3.8.tar.gz tmp/ia-sdk-0.3.9.tar.gz --markdown 20230510/i/ia-sdk/0.3.8-0.3.9/diff.md --exclude *.pyd
[2023-05-10 00:06:06] INFO root fetch - processPackages [pandera]: executing diffoscope
[2023-05-10 00:06:06] INFO root fetch - processPackages [pandera]: podman run --user 0:0 --rm -w /home/abi/fetcher -v /home/abi/fetcher/tmp:/home/abi/fetcher/tmp:ro -v /home/abi/fetcher/20230510:/home/abi/fetcher/20230510:rw registry.salsa.debian.org/reproducible-builds/diffoscope --no-progress tmp/pandera-0.8.1.tar.gz tmp/pandera-0.9.0.tar.gz --markdown 20230510/p/pandera/0.8.1-0.9.0/diff.md --exclude *.pyd
[2023-05-10 00:06:06] INFO root fetch - processPackages [spotON_sdk]: Downloading https://files.pythonhosted.org/packages/0b/18/8e23af7503db718a764779cbd0a73953493cfba38952c63b613ffcbc29a7/spotON_sdk-0.0.3.3.tar.gz
[2023-05-10 00:06:06] INFO root fetch - processPackages [gandai]: Downloading https://files.pythonhosted.org/packages/4d/69/254f3f0f7ee2a3f3383e71aa518d806915d895aa35d6e5f640bcdc28a364/gandai-0.1.tar.gz
[2023-05-10 00:06:06] INFO root fetch - processPackages [seeq-correlation]: Downloading https://files.pythonhosted.org/packages/9e/76/dcb2e1c0b94a25d88eaa97ee09f9c1765ed9150f1198866747c56b2f3571/seeq_correlation-0.1.7-py3-none-any.whl
[2023-05-10 00:06:07] INFO root fetch - processPackages [spotON_sdk]: executing diffoscope
[2023-05-10 00:06:07] INFO root fetch - processPackages [spotON_sdk]: podman run --user 0:0 --rm -w /home/abi/fetcher -v /home/abi/fetcher/tmp:/home/abi/fetcher/tmp:ro -v /home/abi/fetcher/20230510:/home/abi/fetcher/20230510:rw registry.salsa.debian.org/reproducible-builds/diffoscope --no-progress tmp/spotON_sdk-0.0.3.2.tar.gz tmp/spotON_sdk-0.0.3.3.tar.gz --markdown 20230510/s/spotON_sdk/0.0.3.2-0.0.3.3/diff.md --exclude *.pyd
[2023-05-10 00:06:07] INFO root fetch - processPackages [ezneural]: Downloading https://files.pythonhosted.org/packages/f3/ab/946e533dc9600fcff98f1476a96abf3b8993ab88544d86330bd414f79d26/ezneural-0.1.tar.gz
[2023-05-10 00:06:07] INFO root fetch - processPackages [rgb-colorizer]: Downloading https://files.pythonhosted.org/packages/0d/3b/4170ad37af56772153f83849a075efbfefc3332df041fcd41eaa6f986e21/rgb-colorizer-0.0.3.tar.gz
[2023-05-10 00:06:07] INFO root fetch - processPackages [ezneural]: executing diffoscope
[2023-05-10 00:06:07] INFO root fetch - processPackages [ezneural]: podman run --user 0:0 --rm -w /home/abi/fetcher -v /home/abi/fetcher/tmp:/home/abi/fetcher/tmp:ro -v /home/abi/fetcher/20230510:/home/abi/fetcher/20230510:rw registry.salsa.debian.org/reproducible-builds/diffoscope --no-progress tmp/ezneural-0.0.tar.gz tmp/ezneural-0.1.tar.gz --markdown 20230510/e/ezneural/0.0-0.1/diff.md --exclude *.pyd
[2023-05-10 00:06:07] INFO root fetch - processPackages [gandai]: Downloading https://files.pythonhosted.org/packages/fe/9d/a0d5d6e908b11023b990d8de305601a06bd1708ed3bb21889c4fa8ed8886/gandai-0.1.1.tar.gz
[2023-05-10 00:06:07] INFO root fetch - processPackages [seeq-correlation]: Downloading https://files.pythonhosted.org/packages/cb/d5/d8c1cdfa90820669a1ef0a87407f8c38390e28867ed629907c7c1767c964/seeq_correlation-0.1.8-py3-none-any.whl
[2023-05-10 00:06:07] INFO root fetch - processPackages [rgb-colorizer]: executing diffoscope
[2023-05-10 00:06:07] INFO root fetch - processPackages [rgb-colorizer]: podman run --user 0:0 --rm -w /home/abi/fetcher -v /home/abi/fetcher/tmp:/home/abi/fetcher/tmp:ro -v /home/abi/fetcher/20230510:/home/abi/fetcher/20230510:rw registry.salsa.debian.org/reproducible-builds/diffoscope --no-progress tmp/rgb-colorizer-0.0.2.tar.gz tmp/rgb-colorizer-0.0.3.tar.gz --markdown 20230510/r/rgb-colorizer/0.0.2-0.0.3/diff.md --exclude *.pyd
[2023-05-10 00:06:07] INFO root fetch - processPackages [gandai]: executing diffoscope
[2023-05-10 00:06:07] INFO root fetch - processPackages [gandai]: podman run --user 0:0 --rm -w /home/abi/fetcher -v /home/abi/fetcher/tmp:/home/abi/fetcher/tmp:ro -v /home/abi/fetcher/20230510:/home/abi/fetcher/20230510:rw registry.salsa.debian.org/reproducible-builds/diffoscope --no-progress tmp/gandai-0.1.tar.gz tmp/gandai-0.1.1.tar.gz --markdown 20230510/g/gandai/0.1-0.1.1/diff.md --exclude *.pyd
[2023-05-10 00:06:07] INFO root fetch - processPackages [seeq-correlation]: executing diffoscope
[2023-05-10 00:06:07] INFO root fetch - processPackages [seeq-correlation]: podman run --user 0:0 --rm -w /home/abi/fetcher -v /home/abi/fetcher/tmp:/home/abi/fetcher/tmp:ro -v /home/abi/fetcher/20230510:/home/abi/fetcher/20230510:rw registry.salsa.debian.org/reproducible-builds/diffoscope --no-progress tmp/seeq_correlation-0.1.7-py3-none-any.whl.zip tmp/seeq_correlation-0.1.8-py3-none-any.whl.zip --markdown 20230510/s/seeq-correlation/0.1.7-0.1.8/diff.md --exclude *.pyd
[2023-05-10 00:06:08] INFO root fetch - main [MainThread]: End processing [lion-pytorch]: success
[2023-05-10 00:06:08] INFO root fetch - main [MainThread]: End processing [spotON_sdk]: success
[2023-05-10 00:06:08] INFO root fetch - main [MainThread]: End processing [ia-sdk]: success
[2023-05-10 00:06:08] INFO root fetch - main [MainThread]: End processing [nomnomdata-engine]: success
[2023-05-10 00:06:08] INFO root fetch - main [MainThread]: End processing [ezneural]: success
[2023-05-10 00:06:08] INFO root fetch - main [MainThread]: End processing [rgb-colorizer]: success
[2023-05-10 00:06:08] INFO root fetch - main [MainThread]: End processing [gandai]: success
[2023-05-10 00:06:08] INFO root fetch - main [MainThread]: End processing [seeq-correlation]: success
[2023-05-10 00:06:09] INFO root fetch - main [MainThread]: End processing [pandera]: success
[2023-05-10 00:06:10] INFO root fetch - main [MainThread]: End processing [dkist-processing-common]: success
[2023-05-10 00:06:10] INFO root fetch - main [MainThread]: Store serial: [18038006]
